2026-03-15 14:04:43,088{GMT}	INFO	[jepsen test runner] jepsen.core: Command line:
lein run test --no-ssh
2026-03-15 14:04:43,135{GMT}	INFO	[jepsen test runner] jepsen.core: Running test:
{:remote
 #jepsen.control.retry.Remote{:remote #jepsen.control.scp.Remote{:cmd-remote #jepsen.control.sshj.SSHJRemote{:concurrency-limit 6,
                                                                                                             :conn-spec nil,
                                                                                                             :client nil,
                                                                                                             :semaphore nil},
                                                                 :conn-spec nil},
                              :conn nil}
 :concurrency 5
 :db
 #object[jepsen.db$reify__11249 "0x32a29361" "jepsen.db$reify__11249@32a29361"]
 :leave-db-running? false
 :name "omnipaxos-linearizability"
 :logging-json? false
 :start-time
 #object[org.joda.time.DateTime "0x1eeb9e5c" "2026-03-15T14:04:43.047+01:00"]
 :net
 #object[jepsen.net$reify__12635
         "0x2cca7d3c"
         "jepsen.net$reify__12635@2cca7d3c"]
 :client #omnipaxos_jepsen.client.OmniPaxosClient{:conn nil}
 :barrier
 #object[java.util.concurrent.CyclicBarrier
         "0x5e1535e0"
         "java.util.concurrent.CyclicBarrier@5e1535e0"]
 :pure-generators true
 :ssh
 {:dummy? true,
  :username "root",
  :password "root",
  :strict-host-key-checking false,
  :private-key-path nil}
 :checker
 #object[jepsen.checker$compose$reify__10552
         "0x6c27be1d"
         "jepsen.checker$compose$reify__10552@6c27be1d"]
 :argv ("test" "--no-ssh")
 :nemesis
 #unprintable "omnipaxos_jepsen.nemesis$partition_nemesis$reify__2387@2e7cd4bb"
 :nodes ["localhost"]
 :test-count 1
 :generator
 #object[jepsen.util.Forgettable
         "0x8b93c88"
         ((jepsen.generator.Synchronize
           {:gen (jepsen.generator.OnThreads
                  {:f #jepsen.generator.context.AllBut{:element :nemesis},
                   :context-filter #object[jepsen.generator.context$make_thread_filter$lazy_filter__11515
                                           "0x564e9c0b"
                                           "jepsen.generator.context$make_thread_filter$lazy_filter__11515@564e9c0b"],
                   :gen (jepsen.generator.TimeLimit
                         {:limit 10000000000,
                          :cutoff nil,
                          :gen (jepsen.generator.Stagger
                                {:dt 200000000,
                                 :next-time nil,
                                 :gen (jepsen.generator.Mix
                                       {:i 0,
                                        :gens [#object[omnipaxos_jepsen.core$r
                                                       "0x4c7d19bf"
                                                       "omnipaxos_jepsen.core$r@4c7d19bf"]
                                               #object[omnipaxos_jepsen.core$w
                                                       "0x21d478f3"
                                                       "omnipaxos_jepsen.core$w@21d478f3"]
                                               #object[omnipaxos_jepsen.core$cas
                                                       "0x3be60847"
                                                       "omnipaxos_jepsen.core$cas@3be60847"]]})})})})})
          (jepsen.generator.Synchronize
           {:gen (jepsen.generator.Mix
                  {:i 0,
                   :gens [(jepsen.generator.OnThreads
                           {:f #{:nemesis},
                            :context-filter #object[jepsen.generator.context$make_thread_filter$lazy_filter__11515
                                                    "0x19ea65f4"
                                                    "jepsen.generator.context$make_thread_filter$lazy_filter__11515@19ea65f4"],
                            :gen (jepsen.generator.Limit
                                  {:remaining 1, :gen {:type :info, :f :start}})})
                          (jepsen.generator.OnThreads
                           {:f #jepsen.generator.context.AllBut{:element :nemesis},
                            :context-filter #object[jepsen.generator.context$make_thread_filter$lazy_filter__11515
                                                    "0x3dfe2797"
                                                    "jepsen.generator.context$make_thread_filter$lazy_filter__11515@3dfe2797"],
                            :gen (jepsen.generator.TimeLimit
                                  {:limit 20000000000,
                                   :cutoff nil,
                                   :gen (jepsen.generator.Stagger
                                         {:dt 200000000,
                                          :next-time nil,
                                          :gen (jepsen.generator.Mix
                                                {:i 0,
                                                 :gens [#object[omnipaxos_jepsen.core$r
                                                                "0x4c7d19bf"
                                                                "omnipaxos_jepsen.core$r@4c7d19bf"]
                                                        #object[omnipaxos_jepsen.core$w
                                                                "0x21d478f3"
                                                                "omnipaxos_jepsen.core$w@21d478f3"]
                                                        #object[omnipaxos_jepsen.core$cas
                                                                "0x3be60847"
                                                                "omnipaxos_jepsen.core$cas@3be60847"]]})})})})]})})
          (jepsen.generator.Synchronize
           {:gen (jepsen.generator.OnThreads
                  {:f #{:nemesis},
                   :context-filter #object[jepsen.generator.context$make_thread_filter$lazy_filter__11515
                                           "0x3f6fd33b"
                                           "jepsen.generator.context$make_thread_filter$lazy_filter__11515@3f6fd33b"],
                   :gen (jepsen.generator.Limit
                         {:remaining 1, :gen {:type :info, :f :stop}})})})
          (jepsen.generator.Synchronize
           {:gen (jepsen.generator.OnThreads
                  {:f #jepsen.generator.context.AllBut{:element :nemesis},
                   :context-filter #object[jepsen.generator.context$make_thread_filter$lazy_filter__11515
                                           "0x34c050a1"
                                           "jepsen.generator.context$make_thread_filter$lazy_filter__11515@34c050a1"],
                   :gen (jepsen.generator.TimeLimit
                         {:limit 10000000000,
                          :cutoff nil,
                          :gen (jepsen.generator.Stagger
                                {:dt 200000000,
                                 :next-time nil,
                                 :gen (jepsen.generator.Mix
                                       {:i 2,
                                        :gens [#object[omnipaxos_jepsen.core$r
                                                       "0x4c7d19bf"
                                                       "omnipaxos_jepsen.core$r@4c7d19bf"]
                                               #object[omnipaxos_jepsen.core$w
                                                       "0x21d478f3"
                                                       "omnipaxos_jepsen.core$w@21d478f3"]
                                               #object[omnipaxos_jepsen.core$cas
                                                       "0x3be60847"
                                                       "omnipaxos_jepsen.core$cas@3be60847"]]})})})})}))]
 :os
 #object[jepsen.os$reify__13040 "0x7ecf4608" "jepsen.os$reify__13040@7ecf4608"]
 :time-limit 60}

2026-03-15 14:04:44,100{GMT}	INFO	[jepsen test runner] jepsen.db: Tearing down DB
2026-03-15 14:04:44,101{GMT}	INFO	[jepsen test runner] jepsen.db: Setting up DB
2026-03-15 14:04:44,102{GMT}	INFO	[jepsen test runner] jepsen.core: Relative time begins now
2026-03-15 14:04:44,119{GMT}	INFO	[jepsen worker 0] jepsen.util: 0	:invoke	:read	nil
2026-03-15 14:04:44,266{GMT}	INFO	[jepsen worker 0] jepsen.util: 0	:ok	:read	8
2026-03-15 14:04:44,290{GMT}	INFO	[jepsen worker 1] jepsen.util: 1	:invoke	:read	nil
2026-03-15 14:04:44,296{GMT}	INFO	[jepsen worker 1] jepsen.util: 1	:ok	:read	8
2026-03-15 14:04:44,457{GMT}	INFO	[jepsen worker 2] jepsen.util: 2	:invoke	:write	5
2026-03-15 14:04:44,463{GMT}	INFO	[jepsen worker 2] jepsen.util: 2	:ok	:write	5
2026-03-15 14:04:44,622{GMT}	INFO	[jepsen worker 3] jepsen.util: 3	:invoke	:read	nil
2026-03-15 14:04:44,628{GMT}	INFO	[jepsen worker 3] jepsen.util: 3	:ok	:read	5
2026-03-15 14:04:44,712{GMT}	INFO	[jepsen worker 4] jepsen.util: 4	:invoke	:cas	[4 3]
2026-03-15 14:04:44,719{GMT}	INFO	[jepsen worker 4] jepsen.util: 4	:fail	:cas	[4 3]	:precondition-failed
2026-03-15 14:04:44,885{GMT}	INFO	[jepsen worker 0] jepsen.util: 0	:invoke	:write	4
2026-03-15 14:04:44,895{GMT}	INFO	[jepsen worker 0] jepsen.util: 0	:ok	:write	4
2026-03-15 14:04:44,923{GMT}	INFO	[jepsen worker 0] jepsen.util: 0	:invoke	:write	2
2026-03-15 14:04:44,931{GMT}	INFO	[jepsen worker 0] jepsen.util: 0	:ok	:write	2
2026-03-15 14:04:45,009{GMT}	INFO	[jepsen worker 1] jepsen.util: 1	:invoke	:cas	[3 2]
2026-03-15 14:04:45,019{GMT}	INFO	[jepsen worker 1] jepsen.util: 1	:fail	:cas	[3 2]	:precondition-failed
2026-03-15 14:04:45,060{GMT}	INFO	[jepsen worker 2] jepsen.util: 2	:invoke	:cas	[1 0]
2026-03-15 14:04:45,070{GMT}	INFO	[jepsen worker 2] jepsen.util: 2	:fail	:cas	[1 0]	:precondition-failed
2026-03-15 14:04:45,241{GMT}	INFO	[jepsen worker 3] jepsen.util: 3	:invoke	:read	nil
2026-03-15 14:04:45,251{GMT}	INFO	[jepsen worker 3] jepsen.util: 3	:ok	:read	2
2026-03-15 14:04:45,423{GMT}	INFO	[jepsen worker 4] jepsen.util: 4	:invoke	:cas	[0 4]
2026-03-15 14:04:45,432{GMT}	INFO	[jepsen worker 4] jepsen.util: 4	:fail	:cas	[0 4]	:precondition-failed
2026-03-15 14:04:45,531{GMT}	INFO	[jepsen worker 0] jepsen.util: 0	:invoke	:write	0
2026-03-15 14:04:45,541{GMT}	INFO	[jepsen worker 0] jepsen.util: 0	:ok	:write	0
2026-03-15 14:04:45,657{GMT}	INFO	[jepsen worker 0] jepsen.util: 0	:invoke	:read	nil
2026-03-15 14:04:45,667{GMT}	INFO	[jepsen worker 0] jepsen.util: 0	:ok	:read	0
2026-03-15 14:04:45,734{GMT}	INFO	[jepsen worker 1] jepsen.util: 1	:invoke	:read	nil
2026-03-15 14:04:45,745{GMT}	INFO	[jepsen worker 1] jepsen.util: 1	:ok	:read	0
2026-03-15 14:04:45,752{GMT}	INFO	[jepsen worker 2] jepsen.util: 2	:invoke	:write	3
2026-03-15 14:04:45,761{GMT}	INFO	[jepsen worker 2] jepsen.util: 2	:ok	:write	3
2026-03-15 14:04:45,819{GMT}	INFO	[jepsen worker 3] jepsen.util: 3	:invoke	:cas	[1 2]
2026-03-15 14:04:45,828{GMT}	INFO	[jepsen worker 3] jepsen.util: 3	:fail	:cas	[1 2]	:precondition-failed
2026-03-15 14:04:45,936{GMT}	INFO	[jepsen worker 4] jepsen.util: 4	:invoke	:write	2
2026-03-15 14:04:45,945{GMT}	INFO	[jepsen worker 4] jepsen.util: 4	:ok	:write	2
2026-03-15 14:04:45,992{GMT}	INFO	[jepsen worker 0] jepsen.util: 0	:invoke	:write	2
2026-03-15 14:04:46,002{GMT}	INFO	[jepsen worker 0] jepsen.util: 0	:ok	:write	2
2026-03-15 14:04:46,017{GMT}	INFO	[jepsen worker 0] jepsen.util: 0	:invoke	:read	nil
2026-03-15 14:04:46,028{GMT}	INFO	[jepsen worker 0] jepsen.util: 0	:ok	:read	2
2026-03-15 14:04:46,072{GMT}	INFO	[jepsen worker 1] jepsen.util: 1	:invoke	:read	nil
2026-03-15 14:04:46,080{GMT}	INFO	[jepsen worker 1] jepsen.util: 1	:ok	:read	2
2026-03-15 14:04:46,234{GMT}	INFO	[jepsen worker 2] jepsen.util: 2	:invoke	:read	nil
2026-03-15 14:04:46,244{GMT}	INFO	[jepsen worker 2] jepsen.util: 2	:ok	:read	2
2026-03-15 14:04:46,258{GMT}	INFO	[jepsen worker 3] jepsen.util: 3	:invoke	:cas	[4 2]
2026-03-15 14:04:46,265{GMT}	INFO	[jepsen worker 3] jepsen.util: 3	:fail	:cas	[4 2]	:precondition-failed
2026-03-15 14:04:46,447{GMT}	INFO	[jepsen worker 4] jepsen.util: 4	:invoke	:write	2
2026-03-15 14:04:46,457{GMT}	INFO	[jepsen worker 4] jepsen.util: 4	:ok	:write	2
2026-03-15 14:04:46,631{GMT}	INFO	[jepsen worker 0] jepsen.util: 0	:invoke	:read	nil
2026-03-15 14:04:46,641{GMT}	INFO	[jepsen worker 0] jepsen.util: 0	:ok	:read	2
2026-03-15 14:04:46,675{GMT}	INFO	[jepsen worker 0] jepsen.util: 0	:invoke	:write	1
2026-03-15 14:04:46,683{GMT}	INFO	[jepsen worker 0] jepsen.util: 0	:ok	:write	1
2026-03-15 14:04:46,833{GMT}	INFO	[jepsen worker 1] jepsen.util: 1	:invoke	:write	9
2026-03-15 14:04:46,843{GMT}	INFO	[jepsen worker 1] jepsen.util: 1	:ok	:write	9
2026-03-15 14:04:46,939{GMT}	INFO	[jepsen worker 2] jepsen.util: 2	:invoke	:read	nil
2026-03-15 14:04:46,947{GMT}	INFO	[jepsen worker 2] jepsen.util: 2	:ok	:read	9
2026-03-15 14:04:47,031{GMT}	INFO	[jepsen worker 3] jepsen.util: 3	:invoke	:read	nil
2026-03-15 14:04:47,040{GMT}	INFO	[jepsen worker 3] jepsen.util: 3	:ok	:read	9
2026-03-15 14:04:47,187{GMT}	INFO	[jepsen worker 4] jepsen.util: 4	:invoke	:write	2
2026-03-15 14:04:47,196{GMT}	INFO	[jepsen worker 4] jepsen.util: 4	:ok	:write	2
2026-03-15 14:04:47,257{GMT}	INFO	[jepsen worker 0] jepsen.util: 0	:invoke	:write	2
2026-03-15 14:04:47,265{GMT}	INFO	[jepsen worker 0] jepsen.util: 0	:ok	:write	2
2026-03-15 14:04:47,390{GMT}	INFO	[jepsen worker 0] jepsen.util: 0	:invoke	:read	nil
2026-03-15 14:04:47,396{GMT}	INFO	[jepsen worker 0] jepsen.util: 0	:ok	:read	2
2026-03-15 14:04:47,479{GMT}	INFO	[jepsen worker 1] jepsen.util: 1	:invoke	:read	nil
2026-03-15 14:04:47,493{GMT}	INFO	[jepsen worker 1] jepsen.util: 1	:ok	:read	2
2026-03-15 14:04:47,638{GMT}	INFO	[jepsen worker 2] jepsen.util: 2	:invoke	:cas	[2 2]
2026-03-15 14:04:47,647{GMT}	INFO	[jepsen worker 2] jepsen.util: 2	:ok	:cas	[2 2]
2026-03-15 14:04:47,805{GMT}	INFO	[jepsen worker 3] jepsen.util: 3	:invoke	:write	6
2026-03-15 14:04:47,813{GMT}	INFO	[jepsen worker 3] jepsen.util: 3	:ok	:write	6
2026-03-15 14:04:48,002{GMT}	INFO	[jepsen worker 4] jepsen.util: 4	:invoke	:read	nil
2026-03-15 14:04:48,011{GMT}	INFO	[jepsen worker 4] jepsen.util: 4	:ok	:read	6
2026-03-15 14:04:48,077{GMT}	INFO	[jepsen worker 0] jepsen.util: 0	:invoke	:read	nil
2026-03-15 14:04:48,088{GMT}	INFO	[jepsen worker 0] jepsen.util: 0	:ok	:read	6
2026-03-15 14:04:48,190{GMT}	INFO	[jepsen worker 0] jepsen.util: 0	:invoke	:write	7
2026-03-15 14:04:48,196{GMT}	INFO	[jepsen worker 0] jepsen.util: 0	:ok	:write	7
2026-03-15 14:04:48,301{GMT}	INFO	[jepsen worker 1] jepsen.util: 1	:invoke	:cas	[4 1]
2026-03-15 14:04:48,310{GMT}	INFO	[jepsen worker 1] jepsen.util: 1	:fail	:cas	[4 1]	:precondition-failed
2026-03-15 14:04:48,453{GMT}	INFO	[jepsen worker 2] jepsen.util: 2	:invoke	:write	3
2026-03-15 14:04:48,462{GMT}	INFO	[jepsen worker 2] jepsen.util: 2	:ok	:write	3
2026-03-15 14:04:48,520{GMT}	INFO	[jepsen worker 3] jepsen.util: 3	:invoke	:write	9
2026-03-15 14:04:48,526{GMT}	INFO	[jepsen worker 4] jepsen.util: 4	:invoke	:write	0
2026-03-15 14:04:48,529{GMT}	INFO	[jepsen worker 3] jepsen.util: 3	:ok	:write	9
2026-03-15 14:04:48,534{GMT}	INFO	[jepsen worker 4] jepsen.util: 4	:ok	:write	0
2026-03-15 14:04:48,636{GMT}	INFO	[jepsen worker 0] jepsen.util: 0	:invoke	:read	nil
2026-03-15 14:04:48,646{GMT}	INFO	[jepsen worker 0] jepsen.util: 0	:ok	:read	0
2026-03-15 14:04:48,778{GMT}	INFO	[jepsen worker 0] jepsen.util: 0	:invoke	:read	nil
2026-03-15 14:04:48,794{GMT}	INFO	[jepsen worker 0] jepsen.util: 0	:ok	:read	0
2026-03-15 14:04:48,924{GMT}	INFO	[jepsen worker 1] jepsen.util: 1	:invoke	:write	0
2026-03-15 14:04:48,932{GMT}	INFO	[jepsen worker 1] jepsen.util: 1	:ok	:write	0
2026-03-15 14:04:49,114{GMT}	INFO	[jepsen worker 2] jepsen.util: 2	:invoke	:cas	[2 3]
2026-03-15 14:04:49,124{GMT}	INFO	[jepsen worker 2] jepsen.util: 2	:fail	:cas	[2 3]	:precondition-failed
2026-03-15 14:04:49,252{GMT}	INFO	[jepsen worker 3] jepsen.util: 3	:invoke	:write	1
2026-03-15 14:04:49,257{GMT}	INFO	[jepsen worker 3] jepsen.util: 3	:ok	:write	1
2026-03-15 14:04:49,293{GMT}	INFO	[jepsen worker 4] jepsen.util: 4	:invoke	:cas	[0 3]
2026-03-15 14:04:49,296{GMT}	INFO	[jepsen worker 4] jepsen.util: 4	:fail	:cas	[0 3]	:precondition-failed
2026-03-15 14:04:49,440{GMT}	INFO	[jepsen worker 0] jepsen.util: 0	:invoke	:write	3
2026-03-15 14:04:49,446{GMT}	INFO	[jepsen worker 0] jepsen.util: 0	:ok	:write	3
2026-03-15 14:04:49,552{GMT}	INFO	[jepsen worker 0] jepsen.util: 0	:invoke	:cas	[2 2]
2026-03-15 14:04:49,556{GMT}	INFO	[jepsen worker 0] jepsen.util: 0	:fail	:cas	[2 2]	:precondition-failed
2026-03-15 14:04:49,722{GMT}	INFO	[jepsen worker 1] jepsen.util: 1	:invoke	:write	1
2026-03-15 14:04:49,731{GMT}	INFO	[jepsen worker 1] jepsen.util: 1	:ok	:write	1
2026-03-15 14:04:49,910{GMT}	INFO	[jepsen worker 2] jepsen.util: 2	:invoke	:cas	[3 0]
2026-03-15 14:04:49,919{GMT}	INFO	[jepsen worker 2] jepsen.util: 2	:fail	:cas	[3 0]	:precondition-failed
2026-03-15 14:04:49,993{GMT}	INFO	[jepsen worker 3] jepsen.util: 3	:invoke	:cas	[1 4]
2026-03-15 14:04:50,000{GMT}	INFO	[jepsen worker 3] jepsen.util: 3	:ok	:cas	[1 4]
2026-03-15 14:04:50,061{GMT}	INFO	[jepsen worker 4] jepsen.util: 4	:invoke	:read	nil
2026-03-15 14:04:50,070{GMT}	INFO	[jepsen worker 4] jepsen.util: 4	:ok	:read	4
2026-03-15 14:04:50,103{GMT}	INFO	[jepsen worker 0] jepsen.util: 0	:invoke	:read	nil
2026-03-15 14:04:50,111{GMT}	INFO	[jepsen worker 0] jepsen.util: 0	:ok	:read	4
2026-03-15 14:04:50,289{GMT}	INFO	[jepsen worker 0] jepsen.util: 0	:invoke	:cas	[1 2]
2026-03-15 14:04:50,297{GMT}	INFO	[jepsen worker 0] jepsen.util: 0	:fail	:cas	[1 2]	:precondition-failed
2026-03-15 14:04:50,319{GMT}	INFO	[jepsen worker 1] jepsen.util: 1	:invoke	:read	nil
2026-03-15 14:04:50,328{GMT}	INFO	[jepsen worker 1] jepsen.util: 1	:ok	:read	4
2026-03-15 14:04:50,368{GMT}	INFO	[jepsen worker 2] jepsen.util: 2	:invoke	:cas	[1 0]
2026-03-15 14:04:50,376{GMT}	INFO	[jepsen worker 2] jepsen.util: 2	:fail	:cas	[1 0]	:precondition-failed
2026-03-15 14:04:50,378{GMT}	INFO	[jepsen worker 3] jepsen.util: 3	:invoke	:read	nil
2026-03-15 14:04:50,386{GMT}	INFO	[jepsen worker 3] jepsen.util: 3	:ok	:read	4
2026-03-15 14:04:50,540{GMT}	INFO	[jepsen worker 4] jepsen.util: 4	:invoke	:write	0
2026-03-15 14:04:50,549{GMT}	INFO	[jepsen worker 4] jepsen.util: 4	:ok	:write	0
2026-03-15 14:04:50,559{GMT}	INFO	[jepsen worker 0] jepsen.util: 0	:invoke	:write	9
2026-03-15 14:04:50,567{GMT}	INFO	[jepsen worker 0] jepsen.util: 0	:ok	:write	9
2026-03-15 14:04:50,593{GMT}	INFO	[jepsen worker 0] jepsen.util: 0	:invoke	:write	9
2026-03-15 14:04:50,601{GMT}	INFO	[jepsen worker 0] jepsen.util: 0	:ok	:write	9
2026-03-15 14:04:50,785{GMT}	INFO	[jepsen worker 1] jepsen.util: 1	:invoke	:write	6
2026-03-15 14:04:50,794{GMT}	INFO	[jepsen worker 1] jepsen.util: 1	:ok	:write	6
2026-03-15 14:04:50,900{GMT}	INFO	[jepsen worker 2] jepsen.util: 2	:invoke	:write	3
2026-03-15 14:04:50,908{GMT}	INFO	[jepsen worker 2] jepsen.util: 2	:ok	:write	3
2026-03-15 14:04:51,072{GMT}	INFO	[jepsen worker 3] jepsen.util: 3	:invoke	:cas	[4 0]
2026-03-15 14:04:51,080{GMT}	INFO	[jepsen worker 3] jepsen.util: 3	:fail	:cas	[4 0]	:precondition-failed
2026-03-15 14:04:51,144{GMT}	INFO	[jepsen worker 4] jepsen.util: 4	:invoke	:read	nil
2026-03-15 14:04:51,150{GMT}	INFO	[jepsen worker 4] jepsen.util: 4	:ok	:read	3
2026-03-15 14:04:51,169{GMT}	INFO	[jepsen worker 0] jepsen.util: 0	:invoke	:cas	[3 3]
2026-03-15 14:04:51,179{GMT}	INFO	[jepsen worker 0] jepsen.util: 0	:ok	:cas	[3 3]
2026-03-15 14:04:51,223{GMT}	INFO	[jepsen worker 0] jepsen.util: 0	:invoke	:read	nil
2026-03-15 14:04:51,232{GMT}	INFO	[jepsen worker 0] jepsen.util: 0	:ok	:read	3
2026-03-15 14:04:51,349{GMT}	INFO	[jepsen worker 1] jepsen.util: 1	:invoke	:cas	[3 3]
2026-03-15 14:04:51,358{GMT}	INFO	[jepsen worker 1] jepsen.util: 1	:ok	:cas	[3 3]
2026-03-15 14:04:51,462{GMT}	INFO	[jepsen worker 2] jepsen.util: 2	:invoke	:cas	[4 2]
2026-03-15 14:04:51,483{GMT}	INFO	[jepsen worker 2] jepsen.util: 2	:fail	:cas	[4 2]	:precondition-failed
2026-03-15 14:04:51,606{GMT}	INFO	[jepsen worker 3] jepsen.util: 3	:invoke	:read	nil
2026-03-15 14:04:51,615{GMT}	INFO	[jepsen worker 3] jepsen.util: 3	:ok	:read	3
2026-03-15 14:04:51,664{GMT}	INFO	[jepsen worker 4] jepsen.util: 4	:invoke	:read	nil
2026-03-15 14:04:51,673{GMT}	INFO	[jepsen worker 4] jepsen.util: 4	:ok	:read	3
2026-03-15 14:04:51,765{GMT}	INFO	[jepsen worker 0] jepsen.util: 0	:invoke	:write	5
2026-03-15 14:04:51,774{GMT}	INFO	[jepsen worker 0] jepsen.util: 0	:ok	:write	5
2026-03-15 14:04:51,923{GMT}	INFO	[jepsen worker 0] jepsen.util: 0	:invoke	:cas	[0 2]
2026-03-15 14:04:51,929{GMT}	INFO	[jepsen worker 0] jepsen.util: 0	:fail	:cas	[0 2]	:precondition-failed
2026-03-15 14:04:52,117{GMT}	INFO	[jepsen worker 1] jepsen.util: 1	:invoke	:write	2
2026-03-15 14:04:52,127{GMT}	INFO	[jepsen worker 1] jepsen.util: 1	:ok	:write	2
2026-03-15 14:04:52,288{GMT}	INFO	[jepsen worker 2] jepsen.util: 2	:invoke	:write	4
2026-03-15 14:04:52,294{GMT}	INFO	[jepsen worker 2] jepsen.util: 2	:ok	:write	4
2026-03-15 14:04:52,399{GMT}	INFO	[jepsen worker 3] jepsen.util: 3	:invoke	:write	0
2026-03-15 14:04:52,406{GMT}	INFO	[jepsen worker 3] jepsen.util: 3	:ok	:write	0
2026-03-15 14:04:52,449{GMT}	INFO	[jepsen worker 4] jepsen.util: 4	:invoke	:cas	[0 0]
2026-03-15 14:04:52,454{GMT}	INFO	[jepsen worker 4] jepsen.util: 4	:ok	:cas	[0 0]
2026-03-15 14:04:52,586{GMT}	INFO	[jepsen worker 0] jepsen.util: 0	:invoke	:cas	[1 0]
2026-03-15 14:04:52,594{GMT}	INFO	[jepsen worker 0] jepsen.util: 0	:fail	:cas	[1 0]	:precondition-failed
2026-03-15 14:04:52,736{GMT}	INFO	[jepsen worker 0] jepsen.util: 0	:invoke	:write	7
2026-03-15 14:04:52,744{GMT}	INFO	[jepsen worker 0] jepsen.util: 0	:ok	:write	7
2026-03-15 14:04:52,886{GMT}	INFO	[jepsen worker 1] jepsen.util: 1	:invoke	:cas	[1 1]
2026-03-15 14:04:52,894{GMT}	INFO	[jepsen worker 1] jepsen.util: 1	:fail	:cas	[1 1]	:precondition-failed
2026-03-15 14:04:52,941{GMT}	INFO	[jepsen worker 2] jepsen.util: 2	:invoke	:read	nil
2026-03-15 14:04:52,949{GMT}	INFO	[jepsen worker 2] jepsen.util: 2	:ok	:read	7
2026-03-15 14:04:52,990{GMT}	INFO	[jepsen worker 3] jepsen.util: 3	:invoke	:read	nil
2026-03-15 14:04:52,998{GMT}	INFO	[jepsen worker 4] jepsen.util: 4	:invoke	:read	nil
2026-03-15 14:04:52,999{GMT}	INFO	[jepsen worker 3] jepsen.util: 3	:ok	:read	7
2026-03-15 14:04:53,006{GMT}	INFO	[jepsen worker 4] jepsen.util: 4	:ok	:read	7
2026-03-15 14:04:53,108{GMT}	INFO	[jepsen worker 0] jepsen.util: 0	:invoke	:write	1
2026-03-15 14:04:53,116{GMT}	INFO	[jepsen worker 0] jepsen.util: 0	:ok	:write	1
2026-03-15 14:04:53,165{GMT}	INFO	[jepsen worker 0] jepsen.util: 0	:invoke	:write	2
2026-03-15 14:04:53,175{GMT}	INFO	[jepsen worker 0] jepsen.util: 0	:ok	:write	2
2026-03-15 14:04:53,248{GMT}	INFO	[jepsen worker 1] jepsen.util: 1	:invoke	:cas	[0 4]
2026-03-15 14:04:53,256{GMT}	INFO	[jepsen worker 1] jepsen.util: 1	:fail	:cas	[0 4]	:precondition-failed
2026-03-15 14:04:53,446{GMT}	INFO	[jepsen worker 2] jepsen.util: 2	:invoke	:read	nil
2026-03-15 14:04:53,454{GMT}	INFO	[jepsen worker 2] jepsen.util: 2	:ok	:read	2
2026-03-15 14:04:53,625{GMT}	INFO	[jepsen worker 3] jepsen.util: 3	:invoke	:write	2
2026-03-15 14:04:53,635{GMT}	INFO	[jepsen worker 3] jepsen.util: 3	:ok	:write	2
2026-03-15 14:04:53,673{GMT}	INFO	[jepsen worker 4] jepsen.util: 4	:invoke	:read	nil
2026-03-15 14:04:53,683{GMT}	INFO	[jepsen worker 4] jepsen.util: 4	:ok	:read	2
2026-03-15 14:04:53,763{GMT}	INFO	[jepsen worker 0] jepsen.util: 0	:invoke	:read	nil
2026-03-15 14:04:53,767{GMT}	INFO	[jepsen worker 1] jepsen.util: 1	:invoke	:read	nil
2026-03-15 14:04:53,777{GMT}	INFO	[jepsen worker 1] jepsen.util: 1	:ok	:read	2
2026-03-15 14:04:53,777{GMT}	INFO	[jepsen worker 0] jepsen.util: 0	:ok	:read	2
2026-03-15 14:04:53,888{GMT}	INFO	[jepsen worker 1] jepsen.util: 1	:invoke	:read	nil
2026-03-15 14:04:53,892{GMT}	INFO	[jepsen worker 2] jepsen.util: 2	:invoke	:cas	[4 4]
2026-03-15 14:04:53,898{GMT}	INFO	[jepsen worker 2] jepsen.util: 2	:fail	:cas	[4 4]	:precondition-failed
2026-03-15 14:04:53,898{GMT}	INFO	[jepsen worker 1] jepsen.util: 1	:ok	:read	2
2026-03-15 14:04:54,048{GMT}	INFO	[jepsen worker 3] jepsen.util: 3	:invoke	:read	nil
2026-03-15 14:04:54,053{GMT}	INFO	[jepsen worker 3] jepsen.util: 3	:ok	:read	2
2026-03-15 14:04:54,103{GMT}	INFO	[jepsen worker 4] jepsen.util: 4	:invoke	:read	nil
2026-03-15 14:04:54,107{GMT}	INFO	[jepsen worker 4] jepsen.util: 4	:ok	:read	2
2026-03-15 14:04:54,108{GMT}	INFO	[jepsen worker nemesis] jepsen.util: :nemesis	:info	:start	nil
2026-03-15 14:04:54,108{GMT}	INFO	[jepsen worker 0] jepsen.util: 0	:invoke	:read	nil
2026-03-15 14:04:54,108{GMT}	INFO	[jepsen worker nemesis] omnipaxos-jepsen.nemesis: Nemesis: pausing s2 and s3
2026-03-15 14:04:54,112{GMT}	INFO	[jepsen worker 0] jepsen.util: 0	:ok	:read	2
2026-03-15 14:04:54,214{GMT}	INFO	[jepsen worker nemesis] jepsen.util: :nemesis	:info	:start	"paused s2, s3"
2026-03-15 14:04:54,260{GMT}	INFO	[jepsen worker 1] jepsen.util: 1	:invoke	:write	2
2026-03-15 14:04:54,298{GMT}	INFO	[jepsen worker 2] jepsen.util: 2	:invoke	:read	nil
2026-03-15 14:04:54,330{GMT}	INFO	[jepsen worker 3] jepsen.util: 3	:invoke	:read	nil
2026-03-15 14:04:54,477{GMT}	INFO	[jepsen worker 4] jepsen.util: 4	:invoke	:read	nil
2026-03-15 14:04:54,530{GMT}	INFO	[jepsen worker 0] jepsen.util: 0	:invoke	:write	7
2026-03-15 14:04:59,262{GMT}	INFO	[jepsen worker 1] jepsen.util: 1	:info	:write	2	:timeout
2026-03-15 14:04:59,264{GMT}	INFO	[jepsen worker 1] jepsen.util: 6	:invoke	:write	4
2026-03-15 14:04:59,303{GMT}	INFO	[jepsen worker 2] jepsen.util: 2	:info	:read	nil	:timeout
2026-03-15 14:04:59,335{GMT}	INFO	[jepsen worker 3] jepsen.util: 3	:info	:read	nil	:timeout
2026-03-15 14:04:59,356{GMT}	INFO	[jepsen worker 2] jepsen.util: 7	:invoke	:write	4
2026-03-15 14:04:59,483{GMT}	INFO	[jepsen worker 4] jepsen.util: 4	:info	:read	nil	:timeout
2026-03-15 14:04:59,536{GMT}	INFO	[jepsen worker 0] jepsen.util: 0	:info	:write	7	:timeout
2026-03-15 14:04:59,539{GMT}	INFO	[jepsen worker 3] jepsen.util: 8	:invoke	:cas	[0 0]
2026-03-15 14:04:59,606{GMT}	INFO	[jepsen worker 4] jepsen.util: 9	:invoke	:write	7
2026-03-15 14:04:59,777{GMT}	INFO	[jepsen worker 0] jepsen.util: 5	:invoke	:write	8
2026-03-15 14:05:04,268{GMT}	INFO	[jepsen worker 1] jepsen.util: 6	:info	:write	4	:timeout
2026-03-15 14:05:04,269{GMT}	INFO	[jepsen worker 1] jepsen.util: 11	:invoke	:read	nil
2026-03-15 14:05:04,361{GMT}	INFO	[jepsen worker 2] jepsen.util: 7	:info	:write	4	:timeout
2026-03-15 14:05:04,362{GMT}	INFO	[jepsen worker 2] jepsen.util: 12	:invoke	:cas	[4 1]
2026-03-15 14:05:04,545{GMT}	INFO	[jepsen worker 3] jepsen.util: 8	:info	:cas	[0 0]	:timeout
2026-03-15 14:05:04,545{GMT}	INFO	[jepsen worker 3] jepsen.util: 13	:invoke	:cas	[4 2]
2026-03-15 14:05:04,612{GMT}	INFO	[jepsen worker 4] jepsen.util: 9	:info	:write	7	:timeout
2026-03-15 14:05:04,734{GMT}	INFO	[jepsen worker 4] jepsen.util: 14	:invoke	:cas	[3 0]
2026-03-15 14:05:04,783{GMT}	INFO	[jepsen worker 0] jepsen.util: 5	:info	:write	8	:timeout
2026-03-15 14:05:04,862{GMT}	INFO	[jepsen worker 0] jepsen.util: 10	:invoke	:cas	[4 0]
2026-03-15 14:05:09,274{GMT}	INFO	[jepsen worker 1] jepsen.util: 11	:info	:read	nil	:timeout
2026-03-15 14:05:09,274{GMT}	INFO	[jepsen worker 1] jepsen.util: 16	:invoke	:cas	[0 1]
2026-03-15 14:05:09,366{GMT}	INFO	[jepsen worker 2] jepsen.util: 12	:info	:cas	[4 1]	:timeout
2026-03-15 14:05:09,470{GMT}	INFO	[jepsen worker 2] jepsen.util: 17	:invoke	:read	nil
2026-03-15 14:05:09,551{GMT}	INFO	[jepsen worker 3] jepsen.util: 13	:info	:cas	[4 2]	:timeout
2026-03-15 14:05:09,644{GMT}	INFO	[jepsen worker 3] jepsen.util: 18	:invoke	:cas	[0 0]
2026-03-15 14:05:09,740{GMT}	INFO	[jepsen worker 4] jepsen.util: 14	:info	:cas	[3 0]	:timeout
2026-03-15 14:05:09,740{GMT}	INFO	[jepsen worker 4] jepsen.util: 19	:invoke	:cas	[4 1]
2026-03-15 14:05:09,868{GMT}	INFO	[jepsen worker 0] jepsen.util: 10	:info	:cas	[4 0]	:timeout
2026-03-15 14:05:09,868{GMT}	INFO	[jepsen worker 0] jepsen.util: 15	:invoke	:read	nil
2026-03-15 14:05:14,279{GMT}	INFO	[jepsen worker 1] jepsen.util: 16	:info	:cas	[0 1]	:timeout
2026-03-15 14:05:14,475{GMT}	INFO	[jepsen worker 2] jepsen.util: 17	:info	:read	nil	:timeout
2026-03-15 14:05:14,650{GMT}	INFO	[jepsen worker 3] jepsen.util: 18	:info	:cas	[0 0]	:timeout
2026-03-15 14:05:14,746{GMT}	INFO	[jepsen worker 4] jepsen.util: 19	:info	:cas	[4 1]	:timeout
2026-03-15 14:05:14,872{GMT}	INFO	[jepsen worker 0] jepsen.util: 15	:info	:read	nil	:timeout
2026-03-15 14:05:14,873{GMT}	INFO	[jepsen worker nemesis] jepsen.util: :nemesis	:info	:stop	nil
2026-03-15 14:05:14,873{GMT}	INFO	[jepsen worker nemesis] omnipaxos-jepsen.nemesis: Nemesis: unpausing s2 and s3
2026-03-15 14:05:14,977{GMT}	INFO	[jepsen worker nemesis] jepsen.util: :nemesis	:info	:stop	"unpaused s2, s3"
2026-03-15 14:05:14,978{GMT}	INFO	[jepsen worker 4] jepsen.util: 24	:invoke	:cas	[0 4]
2026-03-15 14:05:14,981{GMT}	INFO	[jepsen worker 4] jepsen.util: 24	:fail	:cas	[0 4]	:precondition-failed
2026-03-15 14:05:15,032{GMT}	INFO	[jepsen worker 0] jepsen.util: 20	:invoke	:write	6
2026-03-15 14:05:15,036{GMT}	INFO	[jepsen worker 0] jepsen.util: 20	:ok	:write	6
2026-03-15 14:05:15,203{GMT}	INFO	[jepsen worker 0] jepsen.util: 20	:invoke	:read	nil
2026-03-15 14:05:15,212{GMT}	INFO	[jepsen worker 0] jepsen.util: 20	:ok	:read	6
2026-03-15 14:05:15,315{GMT}	INFO	[jepsen worker 1] jepsen.util: 21	:invoke	:read	nil
2026-03-15 14:05:15,325{GMT}	INFO	[jepsen worker 1] jepsen.util: 21	:ok	:read	6
2026-03-15 14:05:15,378{GMT}	INFO	[jepsen worker 2] jepsen.util: 22	:invoke	:cas	[4 3]
2026-03-15 14:05:15,383{GMT}	INFO	[jepsen worker 2] jepsen.util: 22	:fail	:cas	[4 3]	:precondition-failed
2026-03-15 14:05:15,406{GMT}	INFO	[jepsen worker 3] jepsen.util: 23	:invoke	:write	7
2026-03-15 14:05:15,415{GMT}	INFO	[jepsen worker 3] jepsen.util: 23	:ok	:write	7
2026-03-15 14:05:15,513{GMT}	INFO	[jepsen worker 4] jepsen.util: 24	:invoke	:write	8
2026-03-15 14:05:15,517{GMT}	INFO	[jepsen worker 0] jepsen.util: 20	:invoke	:read	nil
2026-03-15 14:05:15,519{GMT}	INFO	[jepsen worker 4] jepsen.util: 24	:ok	:write	8
2026-03-15 14:05:15,522{GMT}	INFO	[jepsen worker 0] jepsen.util: 20	:ok	:read	8
2026-03-15 14:05:15,538{GMT}	INFO	[jepsen worker 0] jepsen.util: 20	:invoke	:read	nil
2026-03-15 14:05:15,543{GMT}	INFO	[jepsen worker 0] jepsen.util: 20	:ok	:read	8
2026-03-15 14:05:15,632{GMT}	INFO	[jepsen worker 1] jepsen.util: 21	:invoke	:read	nil
2026-03-15 14:05:15,640{GMT}	INFO	[jepsen worker 1] jepsen.util: 21	:ok	:read	8
2026-03-15 14:05:15,760{GMT}	INFO	[jepsen worker 2] jepsen.util: 22	:invoke	:read	nil
2026-03-15 14:05:15,771{GMT}	INFO	[jepsen worker 2] jepsen.util: 22	:ok	:read	8
2026-03-15 14:05:15,807{GMT}	INFO	[jepsen worker 3] jepsen.util: 23	:invoke	:cas	[4 3]
2026-03-15 14:05:15,817{GMT}	INFO	[jepsen worker 3] jepsen.util: 23	:fail	:cas	[4 3]	:precondition-failed
2026-03-15 14:05:15,989{GMT}	INFO	[jepsen worker 4] jepsen.util: 24	:invoke	:read	nil
2026-03-15 14:05:15,998{GMT}	INFO	[jepsen worker 4] jepsen.util: 24	:ok	:read	8
2026-03-15 14:05:16,175{GMT}	INFO	[jepsen worker 0] jepsen.util: 20	:invoke	:write	5
2026-03-15 14:05:16,184{GMT}	INFO	[jepsen worker 0] jepsen.util: 20	:ok	:write	5
2026-03-15 14:05:16,281{GMT}	INFO	[jepsen worker 0] jepsen.util: 20	:invoke	:cas	[1 2]
2026-03-15 14:05:16,290{GMT}	INFO	[jepsen worker 0] jepsen.util: 20	:fail	:cas	[1 2]	:precondition-failed
2026-03-15 14:05:16,412{GMT}	INFO	[jepsen worker 1] jepsen.util: 21	:invoke	:cas	[3 2]
2026-03-15 14:05:16,420{GMT}	INFO	[jepsen worker 1] jepsen.util: 21	:fail	:cas	[3 2]	:precondition-failed
2026-03-15 14:05:16,510{GMT}	INFO	[jepsen worker 2] jepsen.util: 22	:invoke	:write	5
2026-03-15 14:05:16,516{GMT}	INFO	[jepsen worker 2] jepsen.util: 22	:ok	:write	5
2026-03-15 14:05:16,640{GMT}	INFO	[jepsen worker 3] jepsen.util: 23	:invoke	:cas	[4 2]
2026-03-15 14:05:16,647{GMT}	INFO	[jepsen worker 3] jepsen.util: 23	:fail	:cas	[4 2]	:precondition-failed
2026-03-15 14:05:16,704{GMT}	INFO	[jepsen worker 4] jepsen.util: 24	:invoke	:write	2
2026-03-15 14:05:16,712{GMT}	INFO	[jepsen worker 4] jepsen.util: 24	:ok	:write	2
2026-03-15 14:05:16,839{GMT}	INFO	[jepsen worker 0] jepsen.util: 20	:invoke	:cas	[2 1]
2026-03-15 14:05:16,848{GMT}	INFO	[jepsen worker 0] jepsen.util: 20	:ok	:cas	[2 1]
2026-03-15 14:05:16,999{GMT}	INFO	[jepsen worker 0] jepsen.util: 20	:invoke	:write	2
2026-03-15 14:05:17,008{GMT}	INFO	[jepsen worker 0] jepsen.util: 20	:ok	:write	2
2026-03-15 14:05:17,122{GMT}	INFO	[jepsen worker 1] jepsen.util: 21	:invoke	:read	nil
2026-03-15 14:05:17,131{GMT}	INFO	[jepsen worker 1] jepsen.util: 21	:ok	:read	2
2026-03-15 14:05:17,139{GMT}	INFO	[jepsen worker 2] jepsen.util: 22	:invoke	:write	3
2026-03-15 14:05:17,147{GMT}	INFO	[jepsen worker 2] jepsen.util: 22	:ok	:write	3
2026-03-15 14:05:17,261{GMT}	INFO	[jepsen worker 3] jepsen.util: 23	:invoke	:read	nil
2026-03-15 14:05:17,269{GMT}	INFO	[jepsen worker 3] jepsen.util: 23	:ok	:read	3
2026-03-15 14:05:17,300{GMT}	INFO	[jepsen worker 4] jepsen.util: 24	:invoke	:write	5
2026-03-15 14:05:17,306{GMT}	INFO	[jepsen worker 4] jepsen.util: 24	:ok	:write	5
2026-03-15 14:05:17,433{GMT}	INFO	[jepsen worker 0] jepsen.util: 20	:invoke	:cas	[3 0]
2026-03-15 14:05:17,438{GMT}	INFO	[jepsen worker 1] jepsen.util: 21	:invoke	:write	6
2026-03-15 14:05:17,438{GMT}	INFO	[jepsen worker 0] jepsen.util: 20	:fail	:cas	[3 0]	:precondition-failed
2026-03-15 14:05:17,442{GMT}	INFO	[jepsen worker 1] jepsen.util: 21	:ok	:write	6
2026-03-15 14:05:17,549{GMT}	INFO	[jepsen worker 1] jepsen.util: 21	:invoke	:cas	[1 1]
2026-03-15 14:05:17,557{GMT}	INFO	[jepsen worker 1] jepsen.util: 21	:fail	:cas	[1 1]	:precondition-failed
2026-03-15 14:05:17,707{GMT}	INFO	[jepsen worker 2] jepsen.util: 22	:invoke	:write	4
2026-03-15 14:05:17,717{GMT}	INFO	[jepsen worker 2] jepsen.util: 22	:ok	:write	4
2026-03-15 14:05:17,794{GMT}	INFO	[jepsen worker 3] jepsen.util: 23	:invoke	:write	0
2026-03-15 14:05:17,802{GMT}	INFO	[jepsen worker 3] jepsen.util: 23	:ok	:write	0
2026-03-15 14:05:17,826{GMT}	INFO	[jepsen worker 4] jepsen.util: 24	:invoke	:cas	[2 3]
2026-03-15 14:05:17,835{GMT}	INFO	[jepsen worker 4] jepsen.util: 24	:fail	:cas	[2 3]	:precondition-failed
2026-03-15 14:05:18,016{GMT}	INFO	[jepsen worker 0] jepsen.util: 20	:invoke	:read	nil
2026-03-15 14:05:18,025{GMT}	INFO	[jepsen worker 0] jepsen.util: 20	:ok	:read	0
2026-03-15 14:05:18,029{GMT}	INFO	[jepsen worker 0] jepsen.util: 20	:invoke	:write	7
2026-03-15 14:05:18,038{GMT}	INFO	[jepsen worker 0] jepsen.util: 20	:ok	:write	7
2026-03-15 14:05:18,111{GMT}	INFO	[jepsen worker 1] jepsen.util: 21	:invoke	:write	7
2026-03-15 14:05:18,119{GMT}	INFO	[jepsen worker 1] jepsen.util: 21	:ok	:write	7
2026-03-15 14:05:18,221{GMT}	INFO	[jepsen worker 2] jepsen.util: 22	:invoke	:read	nil
2026-03-15 14:05:18,229{GMT}	INFO	[jepsen worker 2] jepsen.util: 22	:ok	:read	7
2026-03-15 14:05:18,280{GMT}	INFO	[jepsen worker 3] jepsen.util: 23	:invoke	:read	nil
2026-03-15 14:05:18,287{GMT}	INFO	[jepsen worker 3] jepsen.util: 23	:ok	:read	7
2026-03-15 14:05:18,367{GMT}	INFO	[jepsen worker 4] jepsen.util: 24	:invoke	:read	nil
2026-03-15 14:05:18,375{GMT}	INFO	[jepsen worker 4] jepsen.util: 24	:ok	:read	7
2026-03-15 14:05:18,556{GMT}	INFO	[jepsen worker 0] jepsen.util: 20	:invoke	:write	1
2026-03-15 14:05:18,564{GMT}	INFO	[jepsen worker 0] jepsen.util: 20	:ok	:write	1
2026-03-15 14:05:18,695{GMT}	INFO	[jepsen worker 0] jepsen.util: 20	:invoke	:write	9
2026-03-15 14:05:18,704{GMT}	INFO	[jepsen worker 0] jepsen.util: 20	:ok	:write	9
2026-03-15 14:05:18,827{GMT}	INFO	[jepsen worker 1] jepsen.util: 21	:invoke	:write	7
2026-03-15 14:05:18,839{GMT}	INFO	[jepsen worker 1] jepsen.util: 21	:ok	:write	7
2026-03-15 14:05:18,957{GMT}	INFO	[jepsen worker 2] jepsen.util: 22	:invoke	:cas	[1 3]
2026-03-15 14:05:18,966{GMT}	INFO	[jepsen worker 2] jepsen.util: 22	:fail	:cas	[1 3]	:precondition-failed
2026-03-15 14:05:19,151{GMT}	INFO	[jepsen worker 3] jepsen.util: 23	:invoke	:cas	[3 3]
2026-03-15 14:05:19,160{GMT}	INFO	[jepsen worker 3] jepsen.util: 23	:fail	:cas	[3 3]	:precondition-failed
2026-03-15 14:05:19,353{GMT}	INFO	[jepsen worker 4] jepsen.util: 24	:invoke	:write	8
2026-03-15 14:05:19,358{GMT}	INFO	[jepsen worker 4] jepsen.util: 24	:ok	:write	8
2026-03-15 14:05:19,498{GMT}	INFO	[jepsen worker 0] jepsen.util: 20	:invoke	:read	nil
2026-03-15 14:05:19,510{GMT}	INFO	[jepsen worker 0] jepsen.util: 20	:ok	:read	8
2026-03-15 14:05:19,569{GMT}	INFO	[jepsen worker 0] jepsen.util: 20	:invoke	:read	nil
2026-03-15 14:05:19,578{GMT}	INFO	[jepsen worker 0] jepsen.util: 20	:ok	:read	8
2026-03-15 14:05:19,648{GMT}	INFO	[jepsen worker 1] jepsen.util: 21	:invoke	:write	8
2026-03-15 14:05:19,656{GMT}	INFO	[jepsen worker 1] jepsen.util: 21	:ok	:write	8
2026-03-15 14:05:19,722{GMT}	INFO	[jepsen worker 2] jepsen.util: 22	:invoke	:cas	[2 1]
2026-03-15 14:05:19,730{GMT}	INFO	[jepsen worker 2] jepsen.util: 22	:fail	:cas	[2 1]	:precondition-failed
2026-03-15 14:05:19,883{GMT}	INFO	[jepsen worker 3] jepsen.util: 23	:invoke	:cas	[3 1]
2026-03-15 14:05:19,891{GMT}	INFO	[jepsen worker 3] jepsen.util: 23	:fail	:cas	[3 1]	:precondition-failed
2026-03-15 14:05:20,047{GMT}	INFO	[jepsen worker 4] jepsen.util: 24	:invoke	:write	7
2026-03-15 14:05:20,056{GMT}	INFO	[jepsen worker 4] jepsen.util: 24	:ok	:write	7
2026-03-15 14:05:20,089{GMT}	INFO	[jepsen worker 0] jepsen.util: 20	:invoke	:read	nil
2026-03-15 14:05:20,098{GMT}	INFO	[jepsen worker 0] jepsen.util: 20	:ok	:read	7
2026-03-15 14:05:20,183{GMT}	INFO	[jepsen worker 0] jepsen.util: 20	:invoke	:read	nil
2026-03-15 14:05:20,191{GMT}	INFO	[jepsen worker 0] jepsen.util: 20	:ok	:read	7
2026-03-15 14:05:20,288{GMT}	INFO	[jepsen worker 1] jepsen.util: 21	:invoke	:write	9
2026-03-15 14:05:20,303{GMT}	INFO	[jepsen worker 1] jepsen.util: 21	:ok	:write	9
2026-03-15 14:05:20,336{GMT}	INFO	[jepsen worker 2] jepsen.util: 22	:invoke	:write	0
2026-03-15 14:05:20,337{GMT}	INFO	[jepsen worker 3] jepsen.util: 23	:invoke	:cas	[3 2]
2026-03-15 14:05:20,344{GMT}	INFO	[jepsen worker 2] jepsen.util: 22	:ok	:write	0
2026-03-15 14:05:20,344{GMT}	INFO	[jepsen worker 3] jepsen.util: 23	:fail	:cas	[3 2]	:precondition-failed
2026-03-15 14:05:20,358{GMT}	INFO	[jepsen worker 4] jepsen.util: 24	:invoke	:write	6
2026-03-15 14:05:20,365{GMT}	INFO	[jepsen worker 4] jepsen.util: 24	:ok	:write	6
2026-03-15 14:05:20,549{GMT}	INFO	[jepsen worker 0] jepsen.util: 20	:invoke	:write	5
2026-03-15 14:05:20,555{GMT}	INFO	[jepsen worker 0] jepsen.util: 20	:ok	:write	5
2026-03-15 14:05:20,579{GMT}	INFO	[jepsen worker 0] jepsen.util: 20	:invoke	:write	7
2026-03-15 14:05:20,585{GMT}	INFO	[jepsen worker 0] jepsen.util: 20	:ok	:write	7
2026-03-15 14:05:20,596{GMT}	INFO	[jepsen worker 1] jepsen.util: 21	:invoke	:write	4
2026-03-15 14:05:20,601{GMT}	INFO	[jepsen worker 1] jepsen.util: 21	:ok	:write	4
2026-03-15 14:05:20,719{GMT}	INFO	[jepsen worker 2] jepsen.util: 22	:invoke	:read	nil
2026-03-15 14:05:20,727{GMT}	INFO	[jepsen worker 2] jepsen.util: 22	:ok	:read	4
2026-03-15 14:05:20,748{GMT}	INFO	[jepsen worker 3] jepsen.util: 23	:invoke	:cas	[2 0]
2026-03-15 14:05:20,759{GMT}	INFO	[jepsen worker 3] jepsen.util: 23	:fail	:cas	[2 0]	:precondition-failed
2026-03-15 14:05:20,878{GMT}	INFO	[jepsen worker 4] jepsen.util: 24	:invoke	:cas	[1 1]
2026-03-15 14:05:20,887{GMT}	INFO	[jepsen worker 4] jepsen.util: 24	:fail	:cas	[1 1]	:precondition-failed
2026-03-15 14:05:21,008{GMT}	INFO	[jepsen worker 0] jepsen.util: 20	:invoke	:write	7
2026-03-15 14:05:21,017{GMT}	INFO	[jepsen worker 0] jepsen.util: 20	:ok	:write	7
2026-03-15 14:05:21,106{GMT}	INFO	[jepsen worker 0] jepsen.util: 20	:invoke	:read	nil
2026-03-15 14:05:21,114{GMT}	INFO	[jepsen worker 0] jepsen.util: 20	:ok	:read	7
2026-03-15 14:05:21,151{GMT}	INFO	[jepsen worker 1] jepsen.util: 21	:invoke	:write	9
2026-03-15 14:05:21,159{GMT}	INFO	[jepsen worker 1] jepsen.util: 21	:ok	:write	9
2026-03-15 14:05:21,189{GMT}	INFO	[jepsen worker 2] jepsen.util: 22	:invoke	:read	nil
2026-03-15 14:05:21,196{GMT}	INFO	[jepsen worker 2] jepsen.util: 22	:ok	:read	9
2026-03-15 14:05:21,263{GMT}	INFO	[jepsen worker 3] jepsen.util: 23	:invoke	:write	0
2026-03-15 14:05:21,272{GMT}	INFO	[jepsen worker 3] jepsen.util: 23	:ok	:write	0
2026-03-15 14:05:21,333{GMT}	INFO	[jepsen worker 4] jepsen.util: 24	:invoke	:read	nil
2026-03-15 14:05:21,341{GMT}	INFO	[jepsen worker 4] jepsen.util: 24	:ok	:read	0
2026-03-15 14:05:21,374{GMT}	INFO	[jepsen worker 0] jepsen.util: 20	:invoke	:cas	[2 4]
2026-03-15 14:05:21,382{GMT}	INFO	[jepsen worker 0] jepsen.util: 20	:fail	:cas	[2 4]	:precondition-failed
2026-03-15 14:05:21,417{GMT}	INFO	[jepsen worker 0] jepsen.util: 20	:invoke	:write	2
2026-03-15 14:05:21,425{GMT}	INFO	[jepsen worker 0] jepsen.util: 20	:ok	:write	2
2026-03-15 14:05:21,503{GMT}	INFO	[jepsen worker 1] jepsen.util: 21	:invoke	:write	9
2026-03-15 14:05:21,511{GMT}	INFO	[jepsen worker 1] jepsen.util: 21	:ok	:write	9
2026-03-15 14:05:21,621{GMT}	INFO	[jepsen worker 2] jepsen.util: 22	:invoke	:cas	[2 3]
2026-03-15 14:05:21,630{GMT}	INFO	[jepsen worker 2] jepsen.util: 22	:fail	:cas	[2 3]	:precondition-failed
2026-03-15 14:05:21,747{GMT}	INFO	[jepsen worker 3] jepsen.util: 23	:invoke	:write	5
2026-03-15 14:05:21,757{GMT}	INFO	[jepsen worker 3] jepsen.util: 23	:ok	:write	5
2026-03-15 14:05:21,922{GMT}	INFO	[jepsen worker 4] jepsen.util: 24	:invoke	:read	nil
2026-03-15 14:05:21,929{GMT}	INFO	[jepsen worker 4] jepsen.util: 24	:ok	:read	5
2026-03-15 14:05:22,044{GMT}	INFO	[jepsen worker 0] jepsen.util: 20	:invoke	:cas	[1 1]
2026-03-15 14:05:22,048{GMT}	INFO	[jepsen worker 0] jepsen.util: 20	:fail	:cas	[1 1]	:precondition-failed
2026-03-15 14:05:22,088{GMT}	INFO	[jepsen worker 0] jepsen.util: 20	:invoke	:cas	[3 4]
2026-03-15 14:05:22,096{GMT}	INFO	[jepsen worker 0] jepsen.util: 20	:fail	:cas	[3 4]	:precondition-failed
2026-03-15 14:05:22,189{GMT}	INFO	[jepsen worker 1] jepsen.util: 21	:invoke	:read	nil
2026-03-15 14:05:22,197{GMT}	INFO	[jepsen worker 1] jepsen.util: 21	:ok	:read	5
2026-03-15 14:05:22,246{GMT}	INFO	[jepsen worker 2] jepsen.util: 22	:invoke	:read	nil
2026-03-15 14:05:22,259{GMT}	INFO	[jepsen worker 2] jepsen.util: 22	:ok	:read	5
2026-03-15 14:05:22,368{GMT}	INFO	[jepsen worker 3] jepsen.util: 23	:invoke	:cas	[2 4]
2026-03-15 14:05:22,374{GMT}	INFO	[jepsen worker 3] jepsen.util: 23	:fail	:cas	[2 4]	:precondition-failed
2026-03-15 14:05:22,418{GMT}	INFO	[jepsen worker 4] jepsen.util: 24	:invoke	:read	nil
2026-03-15 14:05:22,424{GMT}	INFO	[jepsen worker 4] jepsen.util: 24	:ok	:read	5
2026-03-15 14:05:22,585{GMT}	INFO	[jepsen worker 0] jepsen.util: 20	:invoke	:read	nil
2026-03-15 14:05:22,590{GMT}	INFO	[jepsen worker 0] jepsen.util: 20	:ok	:read	5
2026-03-15 14:05:22,651{GMT}	INFO	[jepsen worker 0] jepsen.util: 20	:invoke	:read	nil
2026-03-15 14:05:22,658{GMT}	INFO	[jepsen worker 0] jepsen.util: 20	:ok	:read	5
2026-03-15 14:05:22,736{GMT}	INFO	[jepsen worker 1] jepsen.util: 21	:invoke	:write	7
2026-03-15 14:05:22,744{GMT}	INFO	[jepsen worker 1] jepsen.util: 21	:ok	:write	7
2026-03-15 14:05:22,789{GMT}	INFO	[jepsen worker 2] jepsen.util: 22	:invoke	:read	nil
2026-03-15 14:05:22,797{GMT}	INFO	[jepsen worker 2] jepsen.util: 22	:ok	:read	7
2026-03-15 14:05:22,827{GMT}	INFO	[jepsen worker 3] jepsen.util: 23	:invoke	:read	nil
2026-03-15 14:05:22,836{GMT}	INFO	[jepsen worker 3] jepsen.util: 23	:ok	:read	7
2026-03-15 14:05:22,965{GMT}	INFO	[jepsen worker 4] jepsen.util: 24	:invoke	:read	nil
2026-03-15 14:05:22,973{GMT}	INFO	[jepsen worker 4] jepsen.util: 24	:ok	:read	7
2026-03-15 14:05:23,001{GMT}	INFO	[jepsen worker 0] jepsen.util: 20	:invoke	:read	nil
2026-03-15 14:05:23,009{GMT}	INFO	[jepsen worker 0] jepsen.util: 20	:ok	:read	7
2026-03-15 14:05:23,066{GMT}	INFO	[jepsen worker 0] jepsen.util: 20	:invoke	:cas	[4 1]
2026-03-15 14:05:23,075{GMT}	INFO	[jepsen worker 0] jepsen.util: 20	:fail	:cas	[4 1]	:precondition-failed
2026-03-15 14:05:23,113{GMT}	INFO	[jepsen worker 1] jepsen.util: 21	:invoke	:cas	[3 4]
2026-03-15 14:05:23,121{GMT}	INFO	[jepsen worker 1] jepsen.util: 21	:fail	:cas	[3 4]	:precondition-failed
2026-03-15 14:05:23,211{GMT}	INFO	[jepsen worker 2] jepsen.util: 22	:invoke	:write	5
2026-03-15 14:05:23,219{GMT}	INFO	[jepsen worker 2] jepsen.util: 22	:ok	:write	5
2026-03-15 14:05:23,283{GMT}	INFO	[jepsen worker 3] jepsen.util: 23	:invoke	:read	nil
2026-03-15 14:05:23,290{GMT}	INFO	[jepsen worker 3] jepsen.util: 23	:ok	:read	5
2026-03-15 14:05:23,453{GMT}	INFO	[jepsen worker 4] jepsen.util: 24	:invoke	:read	nil
2026-03-15 14:05:23,458{GMT}	INFO	[jepsen worker 0] jepsen.util: 20	:invoke	:cas	[3 0]
2026-03-15 14:05:23,461{GMT}	INFO	[jepsen worker 4] jepsen.util: 24	:ok	:read	5
2026-03-15 14:05:23,467{GMT}	INFO	[jepsen worker 0] jepsen.util: 20	:fail	:cas	[3 0]	:precondition-failed
2026-03-15 14:05:23,475{GMT}	INFO	[jepsen worker 0] jepsen.util: 20	:invoke	:cas	[1 0]
2026-03-15 14:05:23,482{GMT}	INFO	[jepsen worker 0] jepsen.util: 20	:fail	:cas	[1 0]	:precondition-failed
2026-03-15 14:05:23,614{GMT}	INFO	[jepsen worker 1] jepsen.util: 21	:invoke	:read	nil
2026-03-15 14:05:23,622{GMT}	INFO	[jepsen worker 1] jepsen.util: 21	:ok	:read	5
2026-03-15 14:05:23,813{GMT}	INFO	[jepsen worker 2] jepsen.util: 22	:invoke	:write	0
2026-03-15 14:05:23,821{GMT}	INFO	[jepsen worker 2] jepsen.util: 22	:ok	:write	0
2026-03-15 14:05:23,838{GMT}	INFO	[jepsen worker 3] jepsen.util: 23	:invoke	:cas	[0 1]
2026-03-15 14:05:23,846{GMT}	INFO	[jepsen worker 3] jepsen.util: 23	:ok	:cas	[0 1]
2026-03-15 14:05:24,001{GMT}	INFO	[jepsen worker 4] jepsen.util: 24	:invoke	:write	4
2026-03-15 14:05:24,009{GMT}	INFO	[jepsen worker 4] jepsen.util: 24	:ok	:write	4
2026-03-15 14:05:24,096{GMT}	INFO	[jepsen worker 0] jepsen.util: 20	:invoke	:write	9
2026-03-15 14:05:24,106{GMT}	INFO	[jepsen worker 0] jepsen.util: 20	:ok	:write	9
2026-03-15 14:05:24,138{GMT}	INFO	[jepsen worker 0] jepsen.util: 20	:invoke	:write	0
2026-03-15 14:05:24,146{GMT}	INFO	[jepsen worker 0] jepsen.util: 20	:ok	:write	0
2026-03-15 14:05:24,164{GMT}	INFO	[jepsen worker 1] jepsen.util: 21	:invoke	:cas	[0 0]
2026-03-15 14:05:24,167{GMT}	INFO	[jepsen worker 2] jepsen.util: 22	:invoke	:cas	[1 4]
2026-03-15 14:05:24,171{GMT}	INFO	[jepsen worker 1] jepsen.util: 21	:ok	:cas	[0 0]
2026-03-15 14:05:24,175{GMT}	INFO	[jepsen worker 2] jepsen.util: 22	:fail	:cas	[1 4]	:precondition-failed
2026-03-15 14:05:24,339{GMT}	INFO	[jepsen worker 3] jepsen.util: 23	:invoke	:write	1
2026-03-15 14:05:24,345{GMT}	INFO	[jepsen worker 3] jepsen.util: 23	:ok	:write	1
2026-03-15 14:05:24,466{GMT}	INFO	[jepsen worker 4] jepsen.util: 24	:invoke	:read	nil
2026-03-15 14:05:24,474{GMT}	INFO	[jepsen worker 4] jepsen.util: 24	:ok	:read	1
2026-03-15 14:05:24,476{GMT}	INFO	[jepsen worker 0] jepsen.util: 20	:invoke	:cas	[4 4]
2026-03-15 14:05:24,484{GMT}	INFO	[jepsen worker 0] jepsen.util: 20	:fail	:cas	[4 4]	:precondition-failed
2026-03-15 14:05:24,641{GMT}	INFO	[jepsen worker 0] jepsen.util: 20	:invoke	:read	nil
2026-03-15 14:05:24,646{GMT}	INFO	[jepsen worker 0] jepsen.util: 20	:ok	:read	1
2026-03-15 14:05:24,768{GMT}	INFO	[jepsen worker 1] jepsen.util: 21	:invoke	:read	nil
2026-03-15 14:05:24,774{GMT}	INFO	[jepsen worker 1] jepsen.util: 21	:ok	:read	1
2026-03-15 14:05:24,793{GMT}	INFO	[jepsen worker 2] jepsen.util: 22	:invoke	:read	nil
2026-03-15 14:05:24,799{GMT}	INFO	[jepsen worker 2] jepsen.util: 22	:ok	:read	1
2026-03-15 14:05:24,908{GMT}	INFO	[jepsen worker 3] jepsen.util: 23	:invoke	:write	1
2026-03-15 14:05:24,916{GMT}	INFO	[jepsen worker 3] jepsen.util: 23	:ok	:write	1
2026-03-15 14:05:24,969{GMT}	INFO	[jepsen worker 4] jepsen.util: 24	:invoke	:read	nil
2026-03-15 14:05:24,974{GMT}	INFO	[jepsen worker 4] jepsen.util: 24	:ok	:read	1
2026-03-15 14:05:25,044{GMT}	INFO	[jepsen test runner] jepsen.core: Run complete, writing
2026-03-15 14:05:25,080{GMT}	INFO	[jepsen test runner] jepsen.core: Analyzing...
2026-03-15 14:05:25,139{GMT}	WARN	[clojure-agent-send-off-pool-6] jepsen.checker: Error rendering linearizability analysis
java.lang.AssertionError: Assert failed: Expected index but got nil for op #knossos.op.Op{:process nil, :type nil, :f nil, :value nil, :index nil}
i
	at knossos.linear.report$time_coords$fn__10360.invoke(report.clj:184)
	at clojure.core$map$fn__5935.invoke(core.clj:2770)
	at clojure.lang.LazySeq.sval(LazySeq.java:42)
	at clojure.lang.LazySeq.seq(LazySeq.java:51)
	at clojure.lang.RT.seq(RT.java:535)
	at clojure.core$seq__5467.invokeStatic(core.clj:139)
	at clojure.core.protocols$seq_reduce.invokeStatic(protocols.clj:24)
	at clojure.core.protocols$fn__8236.invokeStatic(protocols.clj:75)
	at clojure.core.protocols$fn__8236.invoke(protocols.clj:75)
	at clojure.core.protocols$fn__8178$G__8173__8191.invoke(protocols.clj:13)
	at clojure.core$reduce.invokeStatic(core.clj:6886)
	at clojure.core$into.invokeStatic(core.clj:6958)
	at clojure.core$into.invoke(core.clj:6950)
	at knossos.linear.report$time_coords.invokeStatic(report.clj:194)
	at knossos.linear.report$time_coords.invoke(report.clj:177)
	at knossos.linear.report$learnings.invokeStatic(report.clj:442)
	at knossos.linear.report$learnings.invoke(report.clj:422)
	at knossos.linear.report$render_analysis_BANG_.invokeStatic(report.clj:654)
	at knossos.linear.report$render_analysis_BANG_.invoke(report.clj:649)
	at jepsen.checker$linearizable$reify__10597$fn__10599.invoke(checker.clj:224)
	at jepsen.checker$linearizable$reify__10597.check(checker.clj:222)
	at jepsen.checker$check_safe.invokeStatic(checker.clj:86)
	at jepsen.checker$check_safe.invoke(checker.clj:79)
	at jepsen.checker$compose$reify__10552$fn__10554.invoke(checker.clj:102)
	at clojure.core$pmap$fn__8552$fn__8553.invoke(core.clj:7089)
	at clojure.core$binding_conveyor_fn$fn__5823.invoke(core.clj:2047)
	at clojure.lang.AFn.call(AFn.java:18)
	at java.base/java.util.concurrent.FutureTask.run(FutureTask.java:317)
	at java.base/java.util.concurrent.ThreadPoolExecutor.runWorker(ThreadPoolExecutor.java:1144)
	at java.base/java.util.concurrent.ThreadPoolExecutor$Worker.run(ThreadPoolExecutor.java:642)
	at java.base/java.lang.Thread.run(Thread.java:1583)
2026-03-15 14:05:25,418{GMT}	INFO	[jepsen test runner] jepsen.core: Analysis complete
2026-03-15 14:05:25,427{GMT}	INFO	[jepsen results] jepsen.store: Wrote /Users/esther/coding/Rust/DistributedSystem_Project/Jepsen/omnipaxos-jepsen/store/omnipaxos-linearizability/20260315T140443.047+0100/results.edn
2026-03-15 14:05:25,443{GMT}	INFO	[jepsen test runner] jepsen.core: {:linearizable {:valid? false,
                :configs ({:model #knossos.model.CASRegister{:value nil},
                           :last-op nil,
                           :pending [{:process 0,
                                      :type :invoke,
                                      :f :read,
                                      :value 8,
                                      :index 0,
                                      :time 14576042}]}),
                :final-paths ([{:op nil,
                                :model #knossos.model.CASRegister{:value nil}}
                               {:op {:process 0,
                                     :type :ok,
                                     :f :read,
                                     :value 8,
                                     :index 1,
                                     :time 164890292},
                                :model #knossos.model.Inconsistent{:msg "can't read 8 from register "}}]),
                :previous-ok nil,
                :last-op nil,
                :op {:process 0,
                     :type :ok,
                     :f :read,
                     :value 8,
                     :index 1,
                     :time 164890292},
                :analyzer :linear},
 :timeline {:valid? true},
 :stats {:valid? true,
         :count 225,
         :ok-count 158,
         :fail-count 47,
         :info-count 20,
         :by-f {:cas {:valid? true,
                      :count 63,
                      :ok-count 8,
                      :fail-count 47,
                      :info-count 8},
                :read {:valid? true,
                       :count 82,
                       :ok-count 76,
                       :fail-count 0,
                       :info-count 6},
                :write {:valid? true,
                        :count 80,
                        :ok-count 74,
                        :fail-count 0,
                        :info-count 6}}},
 :perf {:latency-graph {:valid? true},
        :rate-graph {:valid? true},
        :valid? true},
 :valid? false}


Analysis invalid! (ﾉಥ益ಥ）ﾉ ┻━┻
