2026-03-15 14:16:30,980{GMT}	INFO	[jepsen test runner] jepsen.core: Command line:
lein run test --no-ssh --concurrency 5
2026-03-15 14:16:31,033{GMT}	INFO	[jepsen test runner] jepsen.core: Running test:
{:remote
 #jepsen.control.retry.Remote{:remote #jepsen.control.scp.Remote{:cmd-remote #jepsen.control.sshj.SSHJRemote{:concurrency-limit 6,
                                                                                                             :conn-spec nil,
                                                                                                             :client nil,
                                                                                                             :semaphore nil},
                                                                 :conn-spec nil},
                              :conn nil}
 :concurrency 5
 :db
 #object[jepsen.db$reify__11249 "0x7a5a26b7" "jepsen.db$reify__11249@7a5a26b7"]
 :leave-db-running? false
 :name "omnipaxos-linearizability"
 :logging-json? false
 :start-time
 #object[org.joda.time.DateTime "0x776b7fa2" "2026-03-15T14:16:30.941+01:00"]
 :net
 #object[jepsen.net$reify__12635
         "0x3f7aa4f8"
         "jepsen.net$reify__12635@3f7aa4f8"]
 :client #omnipaxos_jepsen.client.OmniPaxosClient{:conn nil}
 :barrier
 #object[java.util.concurrent.CyclicBarrier
         "0x6d76aa05"
         "java.util.concurrent.CyclicBarrier@6d76aa05"]
 :pure-generators true
 :ssh
 {:dummy? true,
  :username "root",
  :password "root",
  :strict-host-key-checking false,
  :private-key-path nil}
 :checker
 #object[jepsen.checker$compose$reify__10552
         "0x2403c1c5"
         "jepsen.checker$compose$reify__10552@2403c1c5"]
 :argv ("test" "--no-ssh" "--concurrency" "5")
 :nemesis
 #unprintable "omnipaxos_jepsen.nemesis$partition_nemesis$reify__2387@8b93c88"
 :nodes ["localhost"]
 :test-count 1
 :generator
 #object[jepsen.util.Forgettable
         "0x564e9c0b"
         ((jepsen.generator.Synchronize
           {:gen (jepsen.generator.OnThreads
                  {:f #jepsen.generator.context.AllBut{:element :nemesis},
                   :context-filter #object[jepsen.generator.context$make_thread_filter$lazy_filter__11515
                                           "0x34c050a1"
                                           "jepsen.generator.context$make_thread_filter$lazy_filter__11515@34c050a1"],
                   :gen (jepsen.generator.Limit
                         {:remaining 1,
                          :gen {:type :invoke, :f :write, :value 0}})})})
          (jepsen.generator.Synchronize
           {:gen (jepsen.generator.OnThreads
                  {:f #jepsen.generator.context.AllBut{:element :nemesis},
                   :context-filter #object[jepsen.generator.context$make_thread_filter$lazy_filter__11515
                                           "0x7ecf4608"
                                           "jepsen.generator.context$make_thread_filter$lazy_filter__11515@7ecf4608"],
                   :gen (jepsen.generator.TimeLimit
                         {:limit 5000000000,
                          :cutoff nil,
                          :gen (jepsen.generator.Stagger
                                {:dt 1000000000,
                                 :next-time nil,
                                 :gen (jepsen.generator.Mix
                                       {:i 0,
                                        :gens [#object[omnipaxos_jepsen.core$r
                                                       "0x32c114d9"
                                                       "omnipaxos_jepsen.core$r@32c114d9"]
                                               #object[omnipaxos_jepsen.core$w
                                                       "0x73f6ffb1"
                                                       "omnipaxos_jepsen.core$w@73f6ffb1"]
                                               #object[omnipaxos_jepsen.core$cas
                                                       "0x4505ec36"
                                                       "omnipaxos_jepsen.core$cas@4505ec36"]]})})})})})
          (jepsen.generator.Synchronize
           {:gen (jepsen.generator.Mix
                  {:i 0,
                   :gens [(jepsen.generator.OnThreads
                           {:f #{:nemesis},
                            :context-filter #object[jepsen.generator.context$make_thread_filter$lazy_filter__11515
                                                    "0x41fe0d98"
                                                    "jepsen.generator.context$make_thread_filter$lazy_filter__11515@41fe0d98"],
                            :gen (jepsen.generator.Limit
                                  {:remaining 1, :gen {:type :info, :f :start}})})
                          (jepsen.generator.OnThreads
                           {:f #jepsen.generator.context.AllBut{:element :nemesis},
                            :context-filter #object[jepsen.generator.context$make_thread_filter$lazy_filter__11515
                                                    "0x7b23aea2"
                                                    "jepsen.generator.context$make_thread_filter$lazy_filter__11515@7b23aea2"],
                            :gen (jepsen.generator.TimeLimit
                                  {:limit 10000000000,
                                   :cutoff nil,
                                   :gen (jepsen.generator.Stagger
                                         {:dt 1000000000,
                                          :next-time nil,
                                          :gen (jepsen.generator.Mix
                                                {:i 0,
                                                 :gens [#object[omnipaxos_jepsen.core$r
                                                                "0x32c114d9"
                                                                "omnipaxos_jepsen.core$r@32c114d9"]
                                                        #object[omnipaxos_jepsen.core$w
                                                                "0x73f6ffb1"
                                                                "omnipaxos_jepsen.core$w@73f6ffb1"]
                                                        #object[omnipaxos_jepsen.core$cas
                                                                "0x4505ec36"
                                                                "omnipaxos_jepsen.core$cas@4505ec36"]]})})})})]})})
          (jepsen.generator.Synchronize
           {:gen (jepsen.generator.OnThreads
                  {:f #{:nemesis},
                   :context-filter #object[jepsen.generator.context$make_thread_filter$lazy_filter__11515
                                           "0x3fecdd00"
                                           "jepsen.generator.context$make_thread_filter$lazy_filter__11515@3fecdd00"],
                   :gen (jepsen.generator.Limit
                         {:remaining 1, :gen {:type :info, :f :stop}})})})
          (jepsen.generator.Synchronize
           {:gen (jepsen.generator.OnThreads
                  {:f #jepsen.generator.context.AllBut{:element :nemesis},
                   :context-filter #object[jepsen.generator.context$make_thread_filter$lazy_filter__11515
                                           "0x5562f297"
                                           "jepsen.generator.context$make_thread_filter$lazy_filter__11515@5562f297"],
                   :gen (jepsen.generator.TimeLimit
                         {:limit 5000000000,
                          :cutoff nil,
                          :gen (jepsen.generator.Stagger
                                {:dt 1000000000,
                                 :next-time nil,
                                 :gen (jepsen.generator.Mix
                                       {:i 1,
                                        :gens [#object[omnipaxos_jepsen.core$r
                                                       "0x32c114d9"
                                                       "omnipaxos_jepsen.core$r@32c114d9"]
                                               #object[omnipaxos_jepsen.core$w
                                                       "0x73f6ffb1"
                                                       "omnipaxos_jepsen.core$w@73f6ffb1"]
                                               #object[omnipaxos_jepsen.core$cas
                                                       "0x4505ec36"
                                                       "omnipaxos_jepsen.core$cas@4505ec36"]]})})})})}))]
 :os
 #object[jepsen.os$reify__13040 "0x64c1a76e" "jepsen.os$reify__13040@64c1a76e"]
 :time-limit 60}

2026-03-15 14:16:31,988{GMT}	INFO	[jepsen test runner] jepsen.db: Tearing down DB
2026-03-15 14:16:31,989{GMT}	INFO	[jepsen test runner] jepsen.db: Setting up DB
2026-03-15 14:16:31,990{GMT}	INFO	[jepsen test runner] jepsen.core: Relative time begins now
2026-03-15 14:16:32,005{GMT}	INFO	[jepsen worker 0] jepsen.util: 0	:invoke	:write	0
2026-03-15 14:16:32,137{GMT}	INFO	[jepsen worker 0] jepsen.util: 0	:ok	:write	0
2026-03-15 14:16:32,139{GMT}	INFO	[jepsen worker 1] jepsen.util: 1	:invoke	:read	nil
2026-03-15 14:16:32,143{GMT}	INFO	[jepsen worker 1] jepsen.util: 1	:ok	:read	0
2026-03-15 14:16:33,114{GMT}	INFO	[jepsen worker 2] jepsen.util: 2	:invoke	:cas	[0 3]
2026-03-15 14:16:33,123{GMT}	INFO	[jepsen worker 2] jepsen.util: 2	:ok	:cas	[0 3]
2026-03-15 14:16:33,430{GMT}	INFO	[jepsen worker 3] jepsen.util: 3	:invoke	:write	0
2026-03-15 14:16:33,439{GMT}	INFO	[jepsen worker 3] jepsen.util: 3	:ok	:write	0
2026-03-15 14:16:33,780{GMT}	INFO	[jepsen worker 4] jepsen.util: 4	:invoke	:cas	[4 4]
2026-03-15 14:16:33,786{GMT}	INFO	[jepsen worker 4] jepsen.util: 4	:fail	:cas	[4 4]	:precondition-failed
2026-03-15 14:16:34,392{GMT}	INFO	[jepsen worker 0] jepsen.util: 0	:invoke	:write	0
2026-03-15 14:16:34,401{GMT}	INFO	[jepsen worker 0] jepsen.util: 0	:ok	:write	0
2026-03-15 14:16:35,159{GMT}	INFO	[jepsen worker 0] jepsen.util: 0	:invoke	:write	9
2026-03-15 14:16:35,170{GMT}	INFO	[jepsen worker 0] jepsen.util: 0	:ok	:write	9
2026-03-15 14:16:35,230{GMT}	INFO	[jepsen worker 1] jepsen.util: 1	:invoke	:write	2
2026-03-15 14:16:35,234{GMT}	INFO	[jepsen worker 1] jepsen.util: 1	:ok	:write	2
2026-03-15 14:16:35,433{GMT}	INFO	[jepsen worker 2] jepsen.util: 2	:invoke	:write	9
2026-03-15 14:16:35,442{GMT}	INFO	[jepsen worker 2] jepsen.util: 2	:ok	:write	9
2026-03-15 14:16:36,083{GMT}	INFO	[jepsen worker 3] jepsen.util: 3	:invoke	:write	0
2026-03-15 14:16:36,092{GMT}	INFO	[jepsen worker 3] jepsen.util: 3	:ok	:write	0
2026-03-15 14:16:36,705{GMT}	INFO	[jepsen worker 4] jepsen.util: 4	:invoke	:cas	[3 3]
2026-03-15 14:16:36,714{GMT}	INFO	[jepsen worker 4] jepsen.util: 4	:fail	:cas	[3 3]	:precondition-failed
2026-03-15 14:16:36,921{GMT}	INFO	[jepsen worker 0] jepsen.util: 0	:invoke	:write	4
2026-03-15 14:16:36,929{GMT}	INFO	[jepsen worker 0] jepsen.util: 0	:ok	:write	4
2026-03-15 14:16:36,930{GMT}	INFO	[jepsen worker nemesis] jepsen.util: :nemesis	:info	:start	nil
2026-03-15 14:16:36,931{GMT}	INFO	[jepsen worker nemesis] omnipaxos-jepsen.nemesis: Nemesis: pausing s2 and s3
2026-03-15 14:16:36,931{GMT}	INFO	[jepsen worker 1] jepsen.util: 1	:invoke	:read	nil
2026-03-15 14:16:36,942{GMT}	INFO	[jepsen worker 1] jepsen.util: 1	:ok	:read	4
2026-03-15 14:16:37,031{GMT}	INFO	[jepsen worker nemesis] jepsen.util: :nemesis	:info	:start	"paused s2, s3"
2026-03-15 14:16:37,384{GMT}	INFO	[jepsen worker 2] jepsen.util: 2	:invoke	:cas	[1 4]
2026-03-15 14:16:37,651{GMT}	INFO	[jepsen worker 3] jepsen.util: 3	:invoke	:read	nil
2026-03-15 14:16:38,630{GMT}	INFO	[jepsen worker 4] jepsen.util: 4	:invoke	:write	7
2026-03-15 14:16:38,970{GMT}	INFO	[jepsen worker 0] jepsen.util: 0	:invoke	:read	nil
2026-03-15 14:16:39,359{GMT}	INFO	[jepsen worker 1] jepsen.util: 1	:invoke	:write	4
2026-03-15 14:16:42,397{GMT}	INFO	[jepsen worker 2] jepsen.util: 2	:info	:cas	[1 4]	:timeout
2026-03-15 14:16:42,398{GMT}	INFO	[jepsen worker 2] jepsen.util: 7	:invoke	:read	nil
2026-03-15 14:16:42,657{GMT}	INFO	[jepsen worker 3] jepsen.util: 3	:info	:read	nil	:timeout
2026-03-15 14:16:43,082{GMT}	INFO	[jepsen worker 3] jepsen.util: 8	:invoke	:write	0
2026-03-15 14:16:43,636{GMT}	INFO	[jepsen worker 4] jepsen.util: 4	:info	:write	7	:timeout
2026-03-15 14:16:43,908{GMT}	INFO	[jepsen worker 4] jepsen.util: 9	:invoke	:cas	[0 0]
2026-03-15 14:16:43,977{GMT}	INFO	[jepsen worker 0] jepsen.util: 0	:info	:read	nil	:timeout
2026-03-15 14:16:44,365{GMT}	INFO	[jepsen worker 1] jepsen.util: 1	:info	:write	4	:timeout
2026-03-15 14:16:44,690{GMT}	INFO	[jepsen worker 0] jepsen.util: 5	:invoke	:read	nil
2026-03-15 14:16:44,883{GMT}	INFO	[jepsen worker 1] jepsen.util: 6	:invoke	:write	4
2026-03-15 14:16:47,403{GMT}	INFO	[jepsen worker 2] jepsen.util: 7	:info	:read	nil	:timeout
2026-03-15 14:16:48,088{GMT}	INFO	[jepsen worker 3] jepsen.util: 8	:info	:write	0	:timeout
2026-03-15 14:16:48,914{GMT}	INFO	[jepsen worker 4] jepsen.util: 9	:info	:cas	[0 0]	:timeout
2026-03-15 14:16:49,697{GMT}	INFO	[jepsen worker 0] jepsen.util: 5	:info	:read	nil	:timeout
2026-03-15 14:16:49,889{GMT}	INFO	[jepsen worker 1] jepsen.util: 6	:info	:write	4	:timeout
2026-03-15 14:16:49,889{GMT}	INFO	[jepsen worker nemesis] jepsen.util: :nemesis	:info	:stop	nil
2026-03-15 14:16:49,889{GMT}	INFO	[jepsen worker nemesis] omnipaxos-jepsen.nemesis: Nemesis: unpausing s2 and s3
2026-03-15 14:16:49,999{GMT}	INFO	[jepsen worker nemesis] jepsen.util: :nemesis	:info	:stop	"unpaused s2, s3"
2026-03-15 14:16:49,999{GMT}	INFO	[jepsen worker 1] jepsen.util: 11	:invoke	:write	7
2026-03-15 14:16:50,008{GMT}	INFO	[jepsen worker 1] jepsen.util: 11	:ok	:write	7
2026-03-15 14:16:50,030{GMT}	INFO	[jepsen worker 2] jepsen.util: 12	:invoke	:cas	[2 0]
2026-03-15 14:16:50,037{GMT}	INFO	[jepsen worker 2] jepsen.util: 12	:fail	:cas	[2 0]	:precondition-failed
2026-03-15 14:16:50,865{GMT}	INFO	[jepsen worker 3] jepsen.util: 13	:invoke	:read	nil
2026-03-15 14:16:50,874{GMT}	INFO	[jepsen worker 3] jepsen.util: 13	:ok	:read	7
2026-03-15 14:16:51,848{GMT}	INFO	[jepsen worker 4] jepsen.util: 14	:invoke	:read	nil
2026-03-15 14:16:51,857{GMT}	INFO	[jepsen worker 4] jepsen.util: 14	:ok	:read	7
2026-03-15 14:16:52,670{GMT}	INFO	[jepsen worker 0] jepsen.util: 10	:invoke	:read	nil
2026-03-15 14:16:52,676{GMT}	INFO	[jepsen worker 0] jepsen.util: 10	:ok	:read	7
2026-03-15 14:16:53,302{GMT}	INFO	[jepsen worker 0] jepsen.util: 10	:invoke	:cas	[1 2]
2026-03-15 14:16:53,313{GMT}	INFO	[jepsen worker 0] jepsen.util: 10	:fail	:cas	[1 2]	:precondition-failed
2026-03-15 14:16:53,531{GMT}	INFO	[jepsen worker 1] jepsen.util: 11	:invoke	:cas	[3 2]
2026-03-15 14:16:53,540{GMT}	INFO	[jepsen worker 1] jepsen.util: 11	:fail	:cas	[3 2]	:precondition-failed
2026-03-15 14:16:54,095{GMT}	INFO	[jepsen worker 2] jepsen.util: 12	:invoke	:read	nil
2026-03-15 14:16:54,102{GMT}	INFO	[jepsen worker 2] jepsen.util: 12	:ok	:read	7
2026-03-15 14:16:54,461{GMT}	INFO	[jepsen worker 3] jepsen.util: 13	:invoke	:write	4
2026-03-15 14:16:54,476{GMT}	INFO	[jepsen worker 3] jepsen.util: 13	:ok	:write	4
2026-03-15 14:16:54,510{GMT}	INFO	[jepsen worker 4] jepsen.util: 14	:invoke	:read	nil
2026-03-15 14:16:54,518{GMT}	INFO	[jepsen worker 4] jepsen.util: 14	:ok	:read	4
2026-03-15 14:16:54,782{GMT}	INFO	[jepsen worker 0] jepsen.util: 10	:invoke	:read	nil
2026-03-15 14:16:54,789{GMT}	INFO	[jepsen worker 0] jepsen.util: 10	:ok	:read	4
2026-03-15 14:16:54,881{GMT}	INFO	[jepsen test runner] jepsen.core: Run complete, writing
2026-03-15 14:16:54,939{GMT}	INFO	[jepsen test runner] jepsen.core: Analyzing...
2026-03-15 14:16:55,263{GMT}	INFO	[jepsen test runner] jepsen.core: Analysis complete
2026-03-15 14:16:55,271{GMT}	INFO	[jepsen results] jepsen.store: Wrote /Users/esther/coding/Rust/DistributedSystem_Project/Jepsen/omnipaxos-jepsen/store/omnipaxos-linearizability/20260315T141630.941+0100/results.edn
2026-03-15 14:16:55,293{GMT}	INFO	[jepsen test runner] jepsen.core: {:linearizable {:valid? true,
                :model #knossos.model.CASRegister{:value 4},
                :analyzer :wgl,
                :final-paths (),
                :configs ()},
 :timeline {:valid? true},
 :stats {:valid? true,
         :count 34,
         :ok-count 19,
         :fail-count 5,
         :info-count 10,
         :by-f {:cas {:valid? true,
                      :count 8,
                      :ok-count 1,
                      :fail-count 5,
                      :info-count 2},
                :read {:valid? true,
                       :count 12,
                       :ok-count 8,
                       :fail-count 0,
                       :info-count 4},
                :write {:valid? true,
                        :count 14,
                        :ok-count 10,
                        :fail-count 0,
                        :info-count 4}}},
 :perf {:latency-graph {:valid? true},
        :rate-graph {:valid? true},
        :valid? true},
 :valid? true}


Everything looks good! ヽ(‘ー`)ノ
